2024.07.29 11:03:48 INFO  Started: Metals version 1.3.4 in folders '/Users/minha/Documents/UCSC/YEAR 2/Semester 1/Functional Prog./Assignment 6' for client Visual Studio Code 1.91.1.
SLF4J(W): Class path contains multiple SLF4J providers.
SLF4J(W): Found provider [scribe.slf4j.ScribeServiceProvider@410e4844]
SLF4J(W): Found provider [ch.qos.logback.classic.spi.LogbackServiceProvider@77a00d7b]
SLF4J(W): See https://www.slf4j.org/codes.html#multiple_bindings for an explanation.
SLF4J(I): Actual provider is of type [scribe.slf4j.ScribeServiceProvider@410e4844]
2024.07.29 11:03:48 WARN  Flyway upgrade recommended: H2 2.3.230 is newer than this version of Flyway and support has not been tested. The latest supported version of H2 is 2.2.220.
Jul 29, 2024 11:03:49 AM org.eclipse.lsp4j.jsonrpc.RemoteEndpoint handleCancellation
WARNING: Unmatched cancel notification for request id 1
Jul 29, 2024 11:03:49 AM org.eclipse.lsp4j.jsonrpc.RemoteEndpoint handleCancellation
WARNING: Unmatched cancel notification for request id 6
Jul 29, 2024 11:03:49 AM org.eclipse.lsp4j.jsonrpc.RemoteEndpoint handleCancellation
WARNING: Unmatched cancel notification for request id 2
2024.07.29 11:03:49 INFO  no build target found for /Users/minha/Documents/UCSC/YEAR 2/Semester 1/Functional Prog./Assignment 6/q1.scala. Using presentation compiler with project's scala-library version: 3.3.3
2024.07.29 11:04:12 INFO  Running List(/Users/minha/Library/Application Support/Coursier/bin/scala-cli, setup-ide, /Users/minha/Documents/UCSC/YEAR 2/Semester 1/Functional Prog./Assignment 6)
2024.07.29 11:04:12 INFO  Attempting to connect to the build server...
2024.07.29 11:04:12 INFO  Running BSP server List(/Users/minha/Library/Application Support/Coursier/bin/.scala-cli.aux, bsp, --json-options, /Users/minha/Documents/UCSC/YEAR 2/Semester 1/Functional Prog./Assignment 6/.scala-build/ide-options-v2.json, /Users/minha/Documents/UCSC/YEAR 2/Semester 1/Functional Prog./Assignment 6)
2024.07.29 11:04:13 INFO  tracing is disabled for protocol BSP, to enable tracing of incoming and outgoing JSON messages create an empty file at /Users/minha/Documents/UCSC/YEAR 2/Semester 1/Functional Prog./Assignment 6/.metals/bsp.trace.json or /Users/minha/Library/Caches/org.scalameta.metals/bsp.trace.json
2024.07.29 11:04:15 INFO  BSP server: Checking https://github.com/coursier/jvm-index/raw/master/index.json
2024.07.29 11:04:15 INFO  BSP server: Checked https://github.com/coursier/jvm-index/raw/master/index.json
2024.07.29 11:04:15 INFO  BSP server: Downloading https://github.com/coursier/jvm-index/raw/master/index.json
2024.07.29 11:04:20 INFO  BSP server: Still downloading:
2024.07.29 11:04:20 INFO  BSP server: https://github.com/coursier/jvm-index/raw/master/index.json (49.59 %, 921216 / 1857527)
2024.07.29 11:04:20 INFO  BSP server: 
2024.07.29 11:04:26 INFO  BSP server: Still downloading:
2024.07.29 11:04:26 INFO  BSP server: https://github.com/coursier/jvm-index/raw/master/index.json (79.58 %, 1478272 / 1857527)
2024.07.29 11:04:26 INFO  BSP server: 
2024.07.29 11:04:32 INFO  BSP server: Downloaded https://github.com/coursier/jvm-index/raw/master/index.json
2024.07.29 11:04:32 INFO  BSP server: Starting compilation server
2024.07.29 11:04:38 INFO  time: Connected to build server in 25s
2024.07.29 11:04:38 INFO  Connected to Build server: scala-cli v1.3.1
2024.07.29 11:04:39 INFO  compiling assignment 6_f4dd477a3a (1 scala source)
2024.07.29 11:04:42 INFO  time: Imported build in 4.1s
2024.07.29 11:04:56 INFO  running doctor check
2024.07.29 11:04:56 INFO  java targets: 
2024.07.29 11:05:04 WARN  Flyway upgrade recommended: H2 2.3.230 is newer than this version of Flyway and support has not been tested. The latest supported version of H2 is 2.2.220.
2024.07.29 11:05:04 INFO  time: indexed workspace in 8.16s
2024.07.29 11:05:04 WARN  no build target for: /Users/minha/Documents/UCSC/YEAR 2/Semester 1/Functional Prog./Assignment 6/q1.scala
2024.07.29 11:05:04 INFO  no build target found for /Users/minha/Documents/UCSC/YEAR 2/Semester 1/Functional Prog./Assignment 6/q1.scala. Using presentation compiler with project's scala-library version: 3.3.3
2024.07.29 11:05:06 INFO  time: code lens generation in 1.61s
2024.07.29 21:02:38 INFO  no build target found for /Users/minha/Documents/UCSC/YEAR 2/Semester 1/Functional Prog./Assignment 6/q1.scala. Using presentation compiler with project's scala-library version: 3.3.3
2024.07.29 21:02:38 WARN  Could not find semantic tokens for: file:///Users/minha/Documents/UCSC/YEAR%202/Semester%201/Functional%20Prog./Assignment%206/q1.scala
2024.07.29 21:02:39 INFO  no build target found for /Users/minha/Documents/UCSC/YEAR 2/Semester 1/Functional Prog./Assignment 6/q1.scala. Using presentation compiler with project's scala-library version: 3.3.3
2024.07.29 21:02:39 INFO  no build target found for /Users/minha/Documents/UCSC/YEAR 2/Semester 1/Functional Prog./Assignment 6/q1.scala. Using presentation compiler with project's scala-library version: 3.3.3
2024.07.29 21:02:39 INFO  no build target found for /Users/minha/Documents/UCSC/YEAR 2/Semester 1/Functional Prog./Assignment 6/q1.scala. Using presentation compiler with project's scala-library version: 3.3.3
2024.07.29 21:02:39 INFO  no build target found for /Users/minha/Documents/UCSC/YEAR 2/Semester 1/Functional Prog./Assignment 6/q1.scala. Using presentation compiler with project's scala-library version: 3.3.3
2024.07.29 21:02:39 INFO  no build target found for /Users/minha/Documents/UCSC/YEAR 2/Semester 1/Functional Prog./Assignment 6/q1.scala. Using presentation compiler with project's scala-library version: 3.3.3
2024.07.29 21:02:39 INFO  no build target found for /Users/minha/Documents/UCSC/YEAR 2/Semester 1/Functional Prog./Assignment 6/q1.scala. Using presentation compiler with project's scala-library version: 3.3.3
2024.07.29 21:02:40 INFO  no build target found for /Users/minha/Documents/UCSC/YEAR 2/Semester 1/Functional Prog./Assignment 6/q1.scala. Using presentation compiler with project's scala-library version: 3.3.3
2024.07.29 21:02:42 WARN  Could not find semantic tokens for: file:///Users/minha/Documents/UCSC/YEAR%202/Semester%201/Functional%20Prog./Assignment%206/q1.scala
2024.07.29 21:02:42 INFO  no build target found for /Users/minha/Documents/UCSC/YEAR 2/Semester 1/Functional Prog./Assignment 6/q1.scala. Using presentation compiler with project's scala-library version: 3.3.3
2024.07.29 21:02:42 INFO  time: code lens generation in 2.61s
2024.07.29 21:02:43 INFO  time: code lens generation in 2.83s
2024.07.29 21:02:43 INFO  time: code lens generation in 2.28s
2024.07.29 21:02:43 INFO  no build target found for /Users/minha/Documents/UCSC/YEAR 2/Semester 1/Functional Prog./Assignment 6/q1.scala. Using presentation compiler with project's scala-library version: 3.3.3
2024.07.29 21:02:43 WARN  Could not find semantic tokens for: file:///Users/minha/Documents/UCSC/YEAR%202/Semester%201/Functional%20Prog./Assignment%206/q1.scala
2024.07.29 21:02:43 INFO  no build target found for /Users/minha/Documents/UCSC/YEAR 2/Semester 1/Functional Prog./Assignment 6/q1.scala. Using presentation compiler with project's scala-library version: 3.3.3
2024.07.29 21:02:43 INFO  no build target found for /Users/minha/Documents/UCSC/YEAR 2/Semester 1/Functional Prog./Assignment 6/q1.scala. Using presentation compiler with project's scala-library version: 3.3.3
2024.07.29 21:02:44 INFO  no build target found for /Users/minha/Documents/UCSC/YEAR 2/Semester 1/Functional Prog./Assignment 6/q1.scala. Using presentation compiler with project's scala-library version: 3.3.3
2024.07.29 21:02:44 INFO  no build target found for /Users/minha/Documents/UCSC/YEAR 2/Semester 1/Functional Prog./Assignment 6/q1.scala. Using presentation compiler with project's scala-library version: 3.3.3
2024.07.29 21:02:45 INFO  no build target found for /Users/minha/Documents/UCSC/YEAR 2/Semester 1/Functional Prog./Assignment 6/q1.scala. Using presentation compiler with project's scala-library version: 3.3.3
2024.07.29 21:02:45 INFO  no build target found for /Users/minha/Documents/UCSC/YEAR 2/Semester 1/Functional Prog./Assignment 6/q1.scala. Using presentation compiler with project's scala-library version: 3.3.3
2024.07.29 21:02:45 INFO  no build target found for /Users/minha/Documents/UCSC/YEAR 2/Semester 1/Functional Prog./Assignment 6/q1.scala. Using presentation compiler with project's scala-library version: 3.3.3
2024.07.29 21:02:45 INFO  no build target found for /Users/minha/Documents/UCSC/YEAR 2/Semester 1/Functional Prog./Assignment 6/q1.scala. Using presentation compiler with project's scala-library version: 3.3.3
2024.07.29 21:02:45 INFO  no build target found for /Users/minha/Documents/UCSC/YEAR 2/Semester 1/Functional Prog./Assignment 6/q1.scala. Using presentation compiler with project's scala-library version: 3.3.3
2024.07.29 21:02:46 INFO  no build target found for /Users/minha/Documents/UCSC/YEAR 2/Semester 1/Functional Prog./Assignment 6/q1.scala. Using presentation compiler with project's scala-library version: 3.3.3
2024.07.29 21:02:46 INFO  no build target found for /Users/minha/Documents/UCSC/YEAR 2/Semester 1/Functional Prog./Assignment 6/q1.scala. Using presentation compiler with project's scala-library version: 3.3.3
2024.07.29 21:02:46 INFO  no build target found for /Users/minha/Documents/UCSC/YEAR 2/Semester 1/Functional Prog./Assignment 6/q1.scala. Using presentation compiler with project's scala-library version: 3.3.3
2024.07.29 21:02:46 INFO  no build target found for /Users/minha/Documents/UCSC/YEAR 2/Semester 1/Functional Prog./Assignment 6/q1.scala. Using presentation compiler with project's scala-library version: 3.3.3
2024.07.29 21:02:46 INFO  no build target found for /Users/minha/Documents/UCSC/YEAR 2/Semester 1/Functional Prog./Assignment 6/q1.scala. Using presentation compiler with project's scala-library version: 3.3.3
2024.07.29 21:02:47 INFO  no build target found for /Users/minha/Documents/UCSC/YEAR 2/Semester 1/Functional Prog./Assignment 6/q1.scala. Using presentation compiler with project's scala-library version: 3.3.3
2024.07.29 21:02:48 INFO  no build target found for /Users/minha/Documents/UCSC/YEAR 2/Semester 1/Functional Prog./Assignment 6/q1.scala. Using presentation compiler with project's scala-library version: 3.3.3
2024.07.29 21:02:48 INFO  no build target found for /Users/minha/Documents/UCSC/YEAR 2/Semester 1/Functional Prog./Assignment 6/q1.scala. Using presentation compiler with project's scala-library version: 3.3.3
2024.07.29 21:02:47 INFO  no build target found for /Users/minha/Documents/UCSC/YEAR 2/Semester 1/Functional Prog./Assignment 6/q1.scala. Using presentation compiler with project's scala-library version: 3.3.3
2024.07.29 21:02:47 INFO  no build target found for /Users/minha/Documents/UCSC/YEAR 2/Semester 1/Functional Prog./Assignment 6/q1.scala. Using presentation compiler with project's scala-library version: 3.3.3
2024.07.29 21:02:48 INFO  no build target found for /Users/minha/Documents/UCSC/YEAR 2/Semester 1/Functional Prog./Assignment 6/q1.scala. Using presentation compiler with project's scala-library version: 3.3.3
2024.07.29 21:02:48 INFO  no build target found for /Users/minha/Documents/UCSC/YEAR 2/Semester 1/Functional Prog./Assignment 6/q1.scala. Using presentation compiler with project's scala-library version: 3.3.3
2024.07.29 21:02:49 INFO  no build target found for /Users/minha/Documents/UCSC/YEAR 2/Semester 1/Functional Prog./Assignment 6/q1.scala. Using presentation compiler with project's scala-library version: 3.3.3
2024.07.29 21:02:49 INFO  no build target found for /Users/minha/Documents/UCSC/YEAR 2/Semester 1/Functional Prog./Assignment 6/q1.scala. Using presentation compiler with project's scala-library version: 3.3.3
2024.07.29 21:02:49 INFO  no build target found for /Users/minha/Documents/UCSC/YEAR 2/Semester 1/Functional Prog./Assignment 6/q1.scala. Using presentation compiler with project's scala-library version: 3.3.3
2024.07.29 21:02:49 INFO  no build target found for /Users/minha/Documents/UCSC/YEAR 2/Semester 1/Functional Prog./Assignment 6/q1.scala. Using presentation compiler with project's scala-library version: 3.3.3
2024.07.29 21:02:49 INFO  no build target found for /Users/minha/Documents/UCSC/YEAR 2/Semester 1/Functional Prog./Assignment 6/q1.scala. Using presentation compiler with project's scala-library version: 3.3.3
2024.07.29 21:02:50 INFO  no build target found for /Users/minha/Documents/UCSC/YEAR 2/Semester 1/Functional Prog./Assignment 6/q1.scala. Using presentation compiler with project's scala-library version: 3.3.3
2024.07.29 21:02:55 INFO  no build target found for /Users/minha/Documents/UCSC/YEAR 2/Semester 1/Functional Prog./Assignment 6/q1.scala. Using presentation compiler with project's scala-library version: 3.3.3
2024.07.29 21:02:56 INFO  no build target found for /Users/minha/Documents/UCSC/YEAR 2/Semester 1/Functional Prog./Assignment 6/q1.scala. Using presentation compiler with project's scala-library version: 3.3.3
2024.07.29 21:02:56 INFO  no build target found for /Users/minha/Documents/UCSC/YEAR 2/Semester 1/Functional Prog./Assignment 6/q1.scala. Using presentation compiler with project's scala-library version: 3.3.3
2024.07.29 21:02:56 INFO  no build target found for /Users/minha/Documents/UCSC/YEAR 2/Semester 1/Functional Prog./Assignment 6/q1.scala. Using presentation compiler with project's scala-library version: 3.3.3
2024.07.29 21:02:56 INFO  no build target found for /Users/minha/Documents/UCSC/YEAR 2/Semester 1/Functional Prog./Assignment 6/q1.scala. Using presentation compiler with project's scala-library version: 3.3.3
2024.07.29 21:02:56 INFO  no build target found for /Users/minha/Documents/UCSC/YEAR 2/Semester 1/Functional Prog./Assignment 6/q1.scala. Using presentation compiler with project's scala-library version: 3.3.3
2024.07.29 21:02:57 INFO  no build target found for /Users/minha/Documents/UCSC/YEAR 2/Semester 1/Functional Prog./Assignment 6/q1.scala. Using presentation compiler with project's scala-library version: 3.3.3
2024.07.29 21:02:56 INFO  no build target found for /Users/minha/Documents/UCSC/YEAR 2/Semester 1/Functional Prog./Assignment 6/q1.scala. Using presentation compiler with project's scala-library version: 3.3.3
2024.07.29 21:02:57 INFO  no build target found for /Users/minha/Documents/UCSC/YEAR 2/Semester 1/Functional Prog./Assignment 6/q1.scala. Using presentation compiler with project's scala-library version: 3.3.3
2024.07.29 21:02:57 INFO  no build target found for /Users/minha/Documents/UCSC/YEAR 2/Semester 1/Functional Prog./Assignment 6/q1.scala. Using presentation compiler with project's scala-library version: 3.3.3
2024.07.29 21:03:00 INFO  no build target found for /Users/minha/Documents/UCSC/YEAR 2/Semester 1/Functional Prog./Assignment 6/q1.scala. Using presentation compiler with project's scala-library version: 3.3.3
2024.07.29 21:03:00 INFO  no build target found for /Users/minha/Documents/UCSC/YEAR 2/Semester 1/Functional Prog./Assignment 6/q1.scala. Using presentation compiler with project's scala-library version: 3.3.3
2024.07.29 21:03:00 INFO  no build target found for /Users/minha/Documents/UCSC/YEAR 2/Semester 1/Functional Prog./Assignment 6/q1.scala. Using presentation compiler with project's scala-library version: 3.3.3
2024.07.29 21:03:00 INFO  no build target found for /Users/minha/Documents/UCSC/YEAR 2/Semester 1/Functional Prog./Assignment 6/q1.scala. Using presentation compiler with project's scala-library version: 3.3.3
2024.07.29 21:03:00 INFO  no build target found for /Users/minha/Documents/UCSC/YEAR 2/Semester 1/Functional Prog./Assignment 6/q1.scala. Using presentation compiler with project's scala-library version: 3.3.3
2024.07.29 21:03:00 INFO  no build target found for /Users/minha/Documents/UCSC/YEAR 2/Semester 1/Functional Prog./Assignment 6/q1.scala. Using presentation compiler with project's scala-library version: 3.3.3
2024.07.29 21:03:01 INFO  no build target found for /Users/minha/Documents/UCSC/YEAR 2/Semester 1/Functional Prog./Assignment 6/q1.scala. Using presentation compiler with project's scala-library version: 3.3.3
2024.07.29 21:03:02 INFO  no build target found for /Users/minha/Documents/UCSC/YEAR 2/Semester 1/Functional Prog./Assignment 6/q1.scala. Using presentation compiler with project's scala-library version: 3.3.3
2024.07.29 21:03:02 INFO  no build target found for /Users/minha/Documents/UCSC/YEAR 2/Semester 1/Functional Prog./Assignment 6/q1.scala. Using presentation compiler with project's scala-library version: 3.3.3
2024.07.29 21:03:02 INFO  no build target found for /Users/minha/Documents/UCSC/YEAR 2/Semester 1/Functional Prog./Assignment 6/q1.scala. Using presentation compiler with project's scala-library version: 3.3.3
2024.07.29 21:03:02 INFO  no build target found for /Users/minha/Documents/UCSC/YEAR 2/Semester 1/Functional Prog./Assignment 6/q1.scala. Using presentation compiler with project's scala-library version: 3.3.3
2024.07.29 21:03:02 INFO  no build target found for /Users/minha/Documents/UCSC/YEAR 2/Semester 1/Functional Prog./Assignment 6/q1.scala. Using presentation compiler with project's scala-library version: 3.3.3
2024.07.29 21:03:02 INFO  no build target found for /Users/minha/Documents/UCSC/YEAR 2/Semester 1/Functional Prog./Assignment 6/q1.scala. Using presentation compiler with project's scala-library version: 3.3.3
2024.07.29 21:03:03 INFO  no build target found for /Users/minha/Documents/UCSC/YEAR 2/Semester 1/Functional Prog./Assignment 6/q1.scala. Using presentation compiler with project's scala-library version: 3.3.3
2024.07.29 21:03:03 INFO  no build target found for /Users/minha/Documents/UCSC/YEAR 2/Semester 1/Functional Prog./Assignment 6/q1.scala. Using presentation compiler with project's scala-library version: 3.3.3
2024.07.29 21:03:03 INFO  no build target found for /Users/minha/Documents/UCSC/YEAR 2/Semester 1/Functional Prog./Assignment 6/q1.scala. Using presentation compiler with project's scala-library version: 3.3.3
2024.07.29 21:03:03 INFO  no build target found for /Users/minha/Documents/UCSC/YEAR 2/Semester 1/Functional Prog./Assignment 6/q1.scala. Using presentation compiler with project's scala-library version: 3.3.3
2024.07.29 21:03:03 INFO  no build target found for /Users/minha/Documents/UCSC/YEAR 2/Semester 1/Functional Prog./Assignment 6/q1.scala. Using presentation compiler with project's scala-library version: 3.3.3
2024.07.29 21:03:03 INFO  no build target found for /Users/minha/Documents/UCSC/YEAR 2/Semester 1/Functional Prog./Assignment 6/q1.scala. Using presentation compiler with project's scala-library version: 3.3.3
2024.07.29 21:03:03 INFO  no build target found for /Users/minha/Documents/UCSC/YEAR 2/Semester 1/Functional Prog./Assignment 6/q1.scala. Using presentation compiler with project's scala-library version: 3.3.3
2024.07.29 21:03:03 INFO  no build target found for /Users/minha/Documents/UCSC/YEAR 2/Semester 1/Functional Prog./Assignment 6/q1.scala. Using presentation compiler with project's scala-library version: 3.3.3
2024.07.29 21:03:05 INFO  no build target found for /Users/minha/Documents/UCSC/YEAR 2/Semester 1/Functional Prog./Assignment 6/q1.scala. Using presentation compiler with project's scala-library version: 3.3.3
2024.07.29 21:03:05 INFO  no build target found for /Users/minha/Documents/UCSC/YEAR 2/Semester 1/Functional Prog./Assignment 6/q1.scala. Using presentation compiler with project's scala-library version: 3.3.3
2024.07.29 21:03:05 INFO  no build target found for /Users/minha/Documents/UCSC/YEAR 2/Semester 1/Functional Prog./Assignment 6/q1.scala. Using presentation compiler with project's scala-library version: 3.3.3
2024.07.29 21:03:05 INFO  no build target found for /Users/minha/Documents/UCSC/YEAR 2/Semester 1/Functional Prog./Assignment 6/q1.scala. Using presentation compiler with project's scala-library version: 3.3.3
2024.07.29 21:03:05 INFO  no build target found for /Users/minha/Documents/UCSC/YEAR 2/Semester 1/Functional Prog./Assignment 6/q1.scala. Using presentation compiler with project's scala-library version: 3.3.3
2024.07.29 21:03:05 INFO  no build target found for /Users/minha/Documents/UCSC/YEAR 2/Semester 1/Functional Prog./Assignment 6/q1.scala. Using presentation compiler with project's scala-library version: 3.3.3
2024.07.29 21:03:05 INFO  no build target found for /Users/minha/Documents/UCSC/YEAR 2/Semester 1/Functional Prog./Assignment 6/q1.scala. Using presentation compiler with project's scala-library version: 3.3.3
2024.07.29 21:03:05 INFO  no build target found for /Users/minha/Documents/UCSC/YEAR 2/Semester 1/Functional Prog./Assignment 6/q1.scala. Using presentation compiler with project's scala-library version: 3.3.3
2024.07.29 21:03:05 INFO  no build target found for /Users/minha/Documents/UCSC/YEAR 2/Semester 1/Functional Prog./Assignment 6/q1.scala. Using presentation compiler with project's scala-library version: 3.3.3
2024.07.29 21:03:05 INFO  no build target found for /Users/minha/Documents/UCSC/YEAR 2/Semester 1/Functional Prog./Assignment 6/q1.scala. Using presentation compiler with project's scala-library version: 3.3.3
2024.07.29 21:03:05 INFO  no build target found for /Users/minha/Documents/UCSC/YEAR 2/Semester 1/Functional Prog./Assignment 6/q1.scala. Using presentation compiler with project's scala-library version: 3.3.3
2024.07.29 21:03:05 INFO  no build target found for /Users/minha/Documents/UCSC/YEAR 2/Semester 1/Functional Prog./Assignment 6/q1.scala. Using presentation compiler with project's scala-library version: 3.3.3
2024.07.29 21:03:05 INFO  no build target found for /Users/minha/Documents/UCSC/YEAR 2/Semester 1/Functional Prog./Assignment 6/q1.scala. Using presentation compiler with project's scala-library version: 3.3.3
2024.07.29 21:03:06 INFO  no build target found for /Users/minha/Documents/UCSC/YEAR 2/Semester 1/Functional Prog./Assignment 6/q1.scala. Using presentation compiler with project's scala-library version: 3.3.3
2024.07.29 21:03:06 INFO  no build target found for /Users/minha/Documents/UCSC/YEAR 2/Semester 1/Functional Prog./Assignment 6/q1.scala. Using presentation compiler with project's scala-library version: 3.3.3
2024.07.29 21:03:06 INFO  no build target found for /Users/minha/Documents/UCSC/YEAR 2/Semester 1/Functional Prog./Assignment 6/q1.scala. Using presentation compiler with project's scala-library version: 3.3.3
2024.07.29 21:03:06 INFO  no build target found for /Users/minha/Documents/UCSC/YEAR 2/Semester 1/Functional Prog./Assignment 6/q1.scala. Using presentation compiler with project's scala-library version: 3.3.3
2024.07.29 21:03:06 INFO  no build target found for /Users/minha/Documents/UCSC/YEAR 2/Semester 1/Functional Prog./Assignment 6/q1.scala. Using presentation compiler with project's scala-library version: 3.3.3
2024.07.29 21:03:06 INFO  no build target found for /Users/minha/Documents/UCSC/YEAR 2/Semester 1/Functional Prog./Assignment 6/q1.scala. Using presentation compiler with project's scala-library version: 3.3.3
2024.07.29 21:03:06 INFO  no build target found for /Users/minha/Documents/UCSC/YEAR 2/Semester 1/Functional Prog./Assignment 6/q1.scala. Using presentation compiler with project's scala-library version: 3.3.3
2024.07.29 21:03:06 INFO  no build target found for /Users/minha/Documents/UCSC/YEAR 2/Semester 1/Functional Prog./Assignment 6/q1.scala. Using presentation compiler with project's scala-library version: 3.3.3
2024.07.29 21:03:06 INFO  no build target found for /Users/minha/Documents/UCSC/YEAR 2/Semester 1/Functional Prog./Assignment 6/q1.scala. Using presentation compiler with project's scala-library version: 3.3.3
2024.07.29 21:03:06 INFO  no build target found for /Users/minha/Documents/UCSC/YEAR 2/Semester 1/Functional Prog./Assignment 6/q1.scala. Using presentation compiler with project's scala-library version: 3.3.3
2024.07.29 21:03:06 INFO  no build target found for /Users/minha/Documents/UCSC/YEAR 2/Semester 1/Functional Prog./Assignment 6/q1.scala. Using presentation compiler with project's scala-library version: 3.3.3
2024.07.29 21:03:06 INFO  no build target found for /Users/minha/Documents/UCSC/YEAR 2/Semester 1/Functional Prog./Assignment 6/q1.scala. Using presentation compiler with project's scala-library version: 3.3.3
2024.07.29 21:03:06 INFO  no build target found for /Users/minha/Documents/UCSC/YEAR 2/Semester 1/Functional Prog./Assignment 6/q1.scala. Using presentation compiler with project's scala-library version: 3.3.3
2024.07.29 21:03:07 INFO  no build target found for /Users/minha/Documents/UCSC/YEAR 2/Semester 1/Functional Prog./Assignment 6/q1.scala. Using presentation compiler with project's scala-library version: 3.3.3
2024.07.29 21:03:07 INFO  no build target found for /Users/minha/Documents/UCSC/YEAR 2/Semester 1/Functional Prog./Assignment 6/q1.scala. Using presentation compiler with project's scala-library version: 3.3.3
2024.07.29 21:03:08 INFO  no build target found for /Users/minha/Documents/UCSC/YEAR 2/Semester 1/Functional Prog./Assignment 6/q1.scala. Using presentation compiler with project's scala-library version: 3.3.3
2024.07.29 21:19:17 INFO  no build target found for /Users/minha/Documents/UCSC/YEAR 2/Semester 1/Functional Prog./Assignment 6/q1.scala. Using presentation compiler with project's scala-library version: 3.3.3
2024.07.29 21:19:17 INFO  no build target found for /Users/minha/Documents/UCSC/YEAR 2/Semester 1/Functional Prog./Assignment 6/q1.scala. Using presentation compiler with project's scala-library version: 3.3.3
2024.07.29 21:19:17 INFO  no build target found for /Users/minha/Documents/UCSC/YEAR 2/Semester 1/Functional Prog./Assignment 6/q1.scala. Using presentation compiler with project's scala-library version: 3.3.3
2024.07.29 21:19:17 INFO  no build target found for /Users/minha/Documents/UCSC/YEAR 2/Semester 1/Functional Prog./Assignment 6/q1.scala. Using presentation compiler with project's scala-library version: 3.3.3
2024.07.29 21:19:17 INFO  no build target found for /Users/minha/Documents/UCSC/YEAR 2/Semester 1/Functional Prog./Assignment 6/q1.scala. Using presentation compiler with project's scala-library version: 3.3.3
2024.07.29 21:19:17 INFO  no build target found for /Users/minha/Documents/UCSC/YEAR 2/Semester 1/Functional Prog./Assignment 6/q1.scala. Using presentation compiler with project's scala-library version: 3.3.3
2024.07.29 21:19:17 INFO  no build target found for /Users/minha/Documents/UCSC/YEAR 2/Semester 1/Functional Prog./Assignment 6/q1.scala. Using presentation compiler with project's scala-library version: 3.3.3
2024.07.29 21:19:18 INFO  no build target found for /Users/minha/Documents/UCSC/YEAR 2/Semester 1/Functional Prog./Assignment 6/q1.scala. Using presentation compiler with project's scala-library version: 3.3.3
2024.07.29 21:19:19 INFO  no build target found for /Users/minha/Documents/UCSC/YEAR 2/Semester 1/Functional Prog./Assignment 6/q1.scala. Using presentation compiler with project's scala-library version: 3.3.3
2024.07.29 21:19:19 INFO  time: code lens generation in 1.48s
2024.07.29 21:19:21 INFO  no build target found for /Users/minha/Documents/UCSC/YEAR 2/Semester 1/Functional Prog./Assignment 6/q1.scala. Using presentation compiler with project's scala-library version: 3.3.3
2024.07.29 21:19:23 INFO  no build target found for /Users/minha/Documents/UCSC/YEAR 2/Semester 1/Functional Prog./Assignment 6/q1.scala. Using presentation compiler with project's scala-library version: 3.3.3
2024.07.29 21:19:23 INFO  no build target found for /Users/minha/Documents/UCSC/YEAR 2/Semester 1/Functional Prog./Assignment 6/q1.scala. Using presentation compiler with project's scala-library version: 3.3.3
2024.07.29 21:19:23 INFO  no build target found for /Users/minha/Documents/UCSC/YEAR 2/Semester 1/Functional Prog./Assignment 6/q1.scala. Using presentation compiler with project's scala-library version: 3.3.3
2024.07.29 21:19:23 INFO  no build target found for /Users/minha/Documents/UCSC/YEAR 2/Semester 1/Functional Prog./Assignment 6/q1.scala. Using presentation compiler with project's scala-library version: 3.3.3
2024.07.29 21:19:25 INFO  no build target found for /Users/minha/Documents/UCSC/YEAR 2/Semester 1/Functional Prog./Assignment 6/q1.scala. Using presentation compiler with project's scala-library version: 3.3.3
2024.07.29 21:19:25 INFO  no build target found for /Users/minha/Documents/UCSC/YEAR 2/Semester 1/Functional Prog./Assignment 6/q1.scala. Using presentation compiler with project's scala-library version: 3.3.3
2024.07.29 21:19:25 INFO  no build target found for /Users/minha/Documents/UCSC/YEAR 2/Semester 1/Functional Prog./Assignment 6/q1.scala. Using presentation compiler with project's scala-library version: 3.3.3
2024.07.29 21:19:25 INFO  no build target found for /Users/minha/Documents/UCSC/YEAR 2/Semester 1/Functional Prog./Assignment 6/q1.scala. Using presentation compiler with project's scala-library version: 3.3.3
2024.07.29 21:19:25 INFO  no build target found for /Users/minha/Documents/UCSC/YEAR 2/Semester 1/Functional Prog./Assignment 6/q1.scala. Using presentation compiler with project's scala-library version: 3.3.3
2024.07.29 21:19:25 INFO  no build target found for /Users/minha/Documents/UCSC/YEAR 2/Semester 1/Functional Prog./Assignment 6/q1.scala. Using presentation compiler with project's scala-library version: 3.3.3
2024.07.29 21:19:25 INFO  no build target found for /Users/minha/Documents/UCSC/YEAR 2/Semester 1/Functional Prog./Assignment 6/q1.scala. Using presentation compiler with project's scala-library version: 3.3.3
2024.07.29 21:19:25 INFO  no build target found for /Users/minha/Documents/UCSC/YEAR 2/Semester 1/Functional Prog./Assignment 6/q1.scala. Using presentation compiler with project's scala-library version: 3.3.3
2024.07.29 21:19:25 INFO  no build target found for /Users/minha/Documents/UCSC/YEAR 2/Semester 1/Functional Prog./Assignment 6/q1.scala. Using presentation compiler with project's scala-library version: 3.3.3
2024.07.29 21:19:25 INFO  no build target found for /Users/minha/Documents/UCSC/YEAR 2/Semester 1/Functional Prog./Assignment 6/q1.scala. Using presentation compiler with project's scala-library version: 3.3.3
2024.07.29 21:19:25 INFO  no build target found for /Users/minha/Documents/UCSC/YEAR 2/Semester 1/Functional Prog./Assignment 6/q1.scala. Using presentation compiler with project's scala-library version: 3.3.3
2024.07.29 21:19:27 INFO  no build target found for /Users/minha/Documents/UCSC/YEAR 2/Semester 1/Functional Prog./Assignment 6/q1.scala. Using presentation compiler with project's scala-library version: 3.3.3
2024.07.29 21:19:27 INFO  time: code lens generation in 1.44s
2024.07.29 21:19:27 INFO  time: code lens generation in 1.21s
2024.07.29 21:19:27 INFO  no build target found for /Users/minha/Documents/UCSC/YEAR 2/Semester 1/Functional Prog./Assignment 6/q1.scala. Using presentation compiler with project's scala-library version: 3.3.3
2024.07.29 21:19:29 INFO  no build target found for /Users/minha/Documents/UCSC/YEAR 2/Semester 1/Functional Prog./Assignment 6/q1.scala. Using presentation compiler with project's scala-library version: 3.3.3
2024.07.29 21:19:29 INFO  no build target found for /Users/minha/Documents/UCSC/YEAR 2/Semester 1/Functional Prog./Assignment 6/q1.scala. Using presentation compiler with project's scala-library version: 3.3.3
2024.07.29 21:19:29 INFO  no build target found for /Users/minha/Documents/UCSC/YEAR 2/Semester 1/Functional Prog./Assignment 6/q1.scala. Using presentation compiler with project's scala-library version: 3.3.3
2024.07.29 21:19:29 INFO  no build target found for /Users/minha/Documents/UCSC/YEAR 2/Semester 1/Functional Prog./Assignment 6/q1.scala. Using presentation compiler with project's scala-library version: 3.3.3
2024.07.29 21:19:29 INFO  no build target found for /Users/minha/Documents/UCSC/YEAR 2/Semester 1/Functional Prog./Assignment 6/q1.scala. Using presentation compiler with project's scala-library version: 3.3.3
2024.07.29 21:19:29 INFO  no build target found for /Users/minha/Documents/UCSC/YEAR 2/Semester 1/Functional Prog./Assignment 6/q1.scala. Using presentation compiler with project's scala-library version: 3.3.3
2024.07.29 21:19:29 INFO  no build target found for /Users/minha/Documents/UCSC/YEAR 2/Semester 1/Functional Prog./Assignment 6/q1.scala. Using presentation compiler with project's scala-library version: 3.3.3
2024.07.29 21:19:29 INFO  no build target found for /Users/minha/Documents/UCSC/YEAR 2/Semester 1/Functional Prog./Assignment 6/q1.scala. Using presentation compiler with project's scala-library version: 3.3.3
2024.07.29 21:19:29 INFO  no build target found for /Users/minha/Documents/UCSC/YEAR 2/Semester 1/Functional Prog./Assignment 6/q1.scala. Using presentation compiler with project's scala-library version: 3.3.3
2024.07.29 21:19:29 INFO  no build target found for /Users/minha/Documents/UCSC/YEAR 2/Semester 1/Functional Prog./Assignment 6/q1.scala. Using presentation compiler with project's scala-library version: 3.3.3
2024.07.29 21:19:30 INFO  no build target found for /Users/minha/Documents/UCSC/YEAR 2/Semester 1/Functional Prog./Assignment 6/q1.scala. Using presentation compiler with project's scala-library version: 3.3.3
2024.07.29 21:19:30 INFO  no build target found for /Users/minha/Documents/UCSC/YEAR 2/Semester 1/Functional Prog./Assignment 6/q1.scala. Using presentation compiler with project's scala-library version: 3.3.3
2024.07.29 21:19:30 INFO  no build target found for /Users/minha/Documents/UCSC/YEAR 2/Semester 1/Functional Prog./Assignment 6/q1.scala. Using presentation compiler with project's scala-library version: 3.3.3
2024.07.29 21:19:30 INFO  no build target found for /Users/minha/Documents/UCSC/YEAR 2/Semester 1/Functional Prog./Assignment 6/q1.scala. Using presentation compiler with project's scala-library version: 3.3.3
2024.07.29 21:19:30 INFO  no build target found for /Users/minha/Documents/UCSC/YEAR 2/Semester 1/Functional Prog./Assignment 6/q1.scala. Using presentation compiler with project's scala-library version: 3.3.3
2024.07.29 21:19:30 INFO  no build target found for /Users/minha/Documents/UCSC/YEAR 2/Semester 1/Functional Prog./Assignment 6/q1.scala. Using presentation compiler with project's scala-library version: 3.3.3
2024.07.29 21:19:30 INFO  no build target found for /Users/minha/Documents/UCSC/YEAR 2/Semester 1/Functional Prog./Assignment 6/q1.scala. Using presentation compiler with project's scala-library version: 3.3.3
2024.07.29 21:19:30 INFO  no build target found for /Users/minha/Documents/UCSC/YEAR 2/Semester 1/Functional Prog./Assignment 6/q1.scala. Using presentation compiler with project's scala-library version: 3.3.3
2024.07.29 21:19:30 INFO  no build target found for /Users/minha/Documents/UCSC/YEAR 2/Semester 1/Functional Prog./Assignment 6/q1.scala. Using presentation compiler with project's scala-library version: 3.3.3
2024.07.29 21:19:31 INFO  no build target found for /Users/minha/Documents/UCSC/YEAR 2/Semester 1/Functional Prog./Assignment 6/q1.scala. Using presentation compiler with project's scala-library version: 3.3.3
2024.07.29 21:19:31 INFO  no build target found for /Users/minha/Documents/UCSC/YEAR 2/Semester 1/Functional Prog./Assignment 6/q1.scala. Using presentation compiler with project's scala-library version: 3.3.3
2024.07.29 21:19:31 INFO  no build target found for /Users/minha/Documents/UCSC/YEAR 2/Semester 1/Functional Prog./Assignment 6/q1.scala. Using presentation compiler with project's scala-library version: 3.3.3
2024.07.29 21:19:31 INFO  no build target found for /Users/minha/Documents/UCSC/YEAR 2/Semester 1/Functional Prog./Assignment 6/q1.scala. Using presentation compiler with project's scala-library version: 3.3.3
2024.07.29 21:19:31 INFO  no build target found for /Users/minha/Documents/UCSC/YEAR 2/Semester 1/Functional Prog./Assignment 6/q1.scala. Using presentation compiler with project's scala-library version: 3.3.3
2024.07.29 21:19:31 INFO  no build target found for /Users/minha/Documents/UCSC/YEAR 2/Semester 1/Functional Prog./Assignment 6/q1.scala. Using presentation compiler with project's scala-library version: 3.3.3
2024.07.29 21:19:31 INFO  no build target found for /Users/minha/Documents/UCSC/YEAR 2/Semester 1/Functional Prog./Assignment 6/q1.scala. Using presentation compiler with project's scala-library version: 3.3.3
2024.07.29 21:19:31 INFO  no build target found for /Users/minha/Documents/UCSC/YEAR 2/Semester 1/Functional Prog./Assignment 6/q1.scala. Using presentation compiler with project's scala-library version: 3.3.3
2024.07.29 21:19:31 INFO  no build target found for /Users/minha/Documents/UCSC/YEAR 2/Semester 1/Functional Prog./Assignment 6/q1.scala. Using presentation compiler with project's scala-library version: 3.3.3
2024.07.29 21:19:31 INFO  no build target found for /Users/minha/Documents/UCSC/YEAR 2/Semester 1/Functional Prog./Assignment 6/q1.scala. Using presentation compiler with project's scala-library version: 3.3.3
2024.07.29 21:19:31 INFO  no build target found for /Users/minha/Documents/UCSC/YEAR 2/Semester 1/Functional Prog./Assignment 6/q1.scala. Using presentation compiler with project's scala-library version: 3.3.3
2024.07.29 21:19:31 INFO  no build target found for /Users/minha/Documents/UCSC/YEAR 2/Semester 1/Functional Prog./Assignment 6/q1.scala. Using presentation compiler with project's scala-library version: 3.3.3
2024.07.29 21:19:31 INFO  no build target found for /Users/minha/Documents/UCSC/YEAR 2/Semester 1/Functional Prog./Assignment 6/q1.scala. Using presentation compiler with project's scala-library version: 3.3.3
2024.07.29 21:19:32 INFO  no build target found for /Users/minha/Documents/UCSC/YEAR 2/Semester 1/Functional Prog./Assignment 6/q1.scala. Using presentation compiler with project's scala-library version: 3.3.3
2024.07.29 21:19:32 INFO  no build target found for /Users/minha/Documents/UCSC/YEAR 2/Semester 1/Functional Prog./Assignment 6/q1.scala. Using presentation compiler with project's scala-library version: 3.3.3
2024.07.29 21:19:32 INFO  no build target found for /Users/minha/Documents/UCSC/YEAR 2/Semester 1/Functional Prog./Assignment 6/q1.scala. Using presentation compiler with project's scala-library version: 3.3.3
2024.07.29 21:19:31 INFO  no build target found for /Users/minha/Documents/UCSC/YEAR 2/Semester 1/Functional Prog./Assignment 6/q1.scala. Using presentation compiler with project's scala-library version: 3.3.3
2024.07.29 21:19:31 INFO  no build target found for /Users/minha/Documents/UCSC/YEAR 2/Semester 1/Functional Prog./Assignment 6/q1.scala. Using presentation compiler with project's scala-library version: 3.3.3
2024.07.29 21:19:32 INFO  no build target found for /Users/minha/Documents/UCSC/YEAR 2/Semester 1/Functional Prog./Assignment 6/q1.scala. Using presentation compiler with project's scala-library version: 3.3.3
2024.07.29 21:19:32 INFO  no build target found for /Users/minha/Documents/UCSC/YEAR 2/Semester 1/Functional Prog./Assignment 6/q1.scala. Using presentation compiler with project's scala-library version: 3.3.3
2024.07.29 21:19:32 INFO  no build target found for /Users/minha/Documents/UCSC/YEAR 2/Semester 1/Functional Prog./Assignment 6/q1.scala. Using presentation compiler with project's scala-library version: 3.3.3
2024.07.29 21:19:33 INFO  no build target found for /Users/minha/Documents/UCSC/YEAR 2/Semester 1/Functional Prog./Assignment 6/q1.scala. Using presentation compiler with project's scala-library version: 3.3.3
2024.07.29 21:19:33 INFO  no build target found for /Users/minha/Documents/UCSC/YEAR 2/Semester 1/Functional Prog./Assignment 6/q1.scala. Using presentation compiler with project's scala-library version: 3.3.3
2024.07.29 21:19:51 INFO  no build target found for /Users/minha/Documents/UCSC/YEAR 2/Semester 1/Functional Prog./Assignment 6/q1.scala. Using presentation compiler with project's scala-library version: 3.3.3
2024.07.29 21:19:52 INFO  no build target found for /Users/minha/Documents/UCSC/YEAR 2/Semester 1/Functional Prog./Assignment 6/q1.scala. Using presentation compiler with project's scala-library version: 3.3.3
2024.07.29 21:19:52 INFO  no build target found for /Users/minha/Documents/UCSC/YEAR 2/Semester 1/Functional Prog./Assignment 6/q1.scala. Using presentation compiler with project's scala-library version: 3.3.3
2024.07.29 21:19:52 INFO  no build target found for /Users/minha/Documents/UCSC/YEAR 2/Semester 1/Functional Prog./Assignment 6/q1.scala. Using presentation compiler with project's scala-library version: 3.3.3
2024.07.29 21:19:52 INFO  no build target found for /Users/minha/Documents/UCSC/YEAR 2/Semester 1/Functional Prog./Assignment 6/q1.scala. Using presentation compiler with project's scala-library version: 3.3.3
2024.07.29 21:19:52 INFO  no build target found for /Users/minha/Documents/UCSC/YEAR 2/Semester 1/Functional Prog./Assignment 6/q1.scala. Using presentation compiler with project's scala-library version: 3.3.3
2024.07.29 21:19:52 INFO  no build target found for /Users/minha/Documents/UCSC/YEAR 2/Semester 1/Functional Prog./Assignment 6/q1.scala. Using presentation compiler with project's scala-library version: 3.3.3
2024.07.29 21:19:52 INFO  no build target found for /Users/minha/Documents/UCSC/YEAR 2/Semester 1/Functional Prog./Assignment 6/q1.scala. Using presentation compiler with project's scala-library version: 3.3.3
2024.07.29 21:19:53 INFO  no build target found for /Users/minha/Documents/UCSC/YEAR 2/Semester 1/Functional Prog./Assignment 6/q1.scala. Using presentation compiler with project's scala-library version: 3.3.3
2024.07.29 21:19:53 INFO  no build target found for /Users/minha/Documents/UCSC/YEAR 2/Semester 1/Functional Prog./Assignment 6/q1.scala. Using presentation compiler with project's scala-library version: 3.3.3
2024.07.29 21:19:54 INFO  no build target found for /Users/minha/Documents/UCSC/YEAR 2/Semester 1/Functional Prog./Assignment 6/q1.scala. Using presentation compiler with project's scala-library version: 3.3.3
2024.07.29 21:19:54 INFO  no build target found for /Users/minha/Documents/UCSC/YEAR 2/Semester 1/Functional Prog./Assignment 6/q1.scala. Using presentation compiler with project's scala-library version: 3.3.3
2024.07.29 21:19:54 INFO  no build target found for /Users/minha/Documents/UCSC/YEAR 2/Semester 1/Functional Prog./Assignment 6/q1.scala. Using presentation compiler with project's scala-library version: 3.3.3
2024.07.29 21:19:54 INFO  no build target found for /Users/minha/Documents/UCSC/YEAR 2/Semester 1/Functional Prog./Assignment 6/q1.scala. Using presentation compiler with project's scala-library version: 3.3.3
2024.07.29 21:19:54 INFO  no build target found for /Users/minha/Documents/UCSC/YEAR 2/Semester 1/Functional Prog./Assignment 6/q1.scala. Using presentation compiler with project's scala-library version: 3.3.3
2024.07.29 21:19:54 INFO  no build target found for /Users/minha/Documents/UCSC/YEAR 2/Semester 1/Functional Prog./Assignment 6/q1.scala. Using presentation compiler with project's scala-library version: 3.3.3
2024.07.29 21:19:53 INFO  no build target found for /Users/minha/Documents/UCSC/YEAR 2/Semester 1/Functional Prog./Assignment 6/q1.scala. Using presentation compiler with project's scala-library version: 3.3.3
2024.07.29 21:19:54 INFO  no build target found for /Users/minha/Documents/UCSC/YEAR 2/Semester 1/Functional Prog./Assignment 6/q1.scala. Using presentation compiler with project's scala-library version: 3.3.3
2024.07.29 21:19:54 INFO  no build target found for /Users/minha/Documents/UCSC/YEAR 2/Semester 1/Functional Prog./Assignment 6/q1.scala. Using presentation compiler with project's scala-library version: 3.3.3
2024.07.29 21:19:54 INFO  no build target found for /Users/minha/Documents/UCSC/YEAR 2/Semester 1/Functional Prog./Assignment 6/q1.scala. Using presentation compiler with project's scala-library version: 3.3.3
2024.07.29 21:19:54 INFO  no build target found for /Users/minha/Documents/UCSC/YEAR 2/Semester 1/Functional Prog./Assignment 6/q1.scala. Using presentation compiler with project's scala-library version: 3.3.3
2024.07.29 21:19:54 INFO  no build target found for /Users/minha/Documents/UCSC/YEAR 2/Semester 1/Functional Prog./Assignment 6/q1.scala. Using presentation compiler with project's scala-library version: 3.3.3
2024.07.29 21:19:54 INFO  no build target found for /Users/minha/Documents/UCSC/YEAR 2/Semester 1/Functional Prog./Assignment 6/q1.scala. Using presentation compiler with project's scala-library version: 3.3.3
2024.07.29 21:19:55 INFO  no build target found for /Users/minha/Documents/UCSC/YEAR 2/Semester 1/Functional Prog./Assignment 6/q1.scala. Using presentation compiler with project's scala-library version: 3.3.3
2024.07.29 21:19:55 INFO  no build target found for /Users/minha/Documents/UCSC/YEAR 2/Semester 1/Functional Prog./Assignment 6/q1.scala. Using presentation compiler with project's scala-library version: 3.3.3
2024.07.29 21:19:55 INFO  no build target found for /Users/minha/Documents/UCSC/YEAR 2/Semester 1/Functional Prog./Assignment 6/q1.scala. Using presentation compiler with project's scala-library version: 3.3.3
2024.07.29 21:19:56 INFO  no build target found for /Users/minha/Documents/UCSC/YEAR 2/Semester 1/Functional Prog./Assignment 6/q1.scala. Using presentation compiler with project's scala-library version: 3.3.3
2024.07.29 21:19:56 INFO  no build target found for /Users/minha/Documents/UCSC/YEAR 2/Semester 1/Functional Prog./Assignment 6/q1.scala. Using presentation compiler with project's scala-library version: 3.3.3
2024.07.29 21:19:56 INFO  no build target found for /Users/minha/Documents/UCSC/YEAR 2/Semester 1/Functional Prog./Assignment 6/q1.scala. Using presentation compiler with project's scala-library version: 3.3.3
2024.07.29 21:19:56 INFO  no build target found for /Users/minha/Documents/UCSC/YEAR 2/Semester 1/Functional Prog./Assignment 6/q1.scala. Using presentation compiler with project's scala-library version: 3.3.3
2024.07.29 21:19:57 INFO  no build target found for /Users/minha/Documents/UCSC/YEAR 2/Semester 1/Functional Prog./Assignment 6/q1.scala. Using presentation compiler with project's scala-library version: 3.3.3
2024.07.29 21:19:57 INFO  no build target found for /Users/minha/Documents/UCSC/YEAR 2/Semester 1/Functional Prog./Assignment 6/q1.scala. Using presentation compiler with project's scala-library version: 3.3.3
2024.07.29 21:19:57 INFO  no build target found for /Users/minha/Documents/UCSC/YEAR 2/Semester 1/Functional Prog./Assignment 6/q1.scala. Using presentation compiler with project's scala-library version: 3.3.3
2024.07.29 21:19:58 INFO  no build target found for /Users/minha/Documents/UCSC/YEAR 2/Semester 1/Functional Prog./Assignment 6/q1.scala. Using presentation compiler with project's scala-library version: 3.3.3
2024.07.29 21:19:58 INFO  no build target found for /Users/minha/Documents/UCSC/YEAR 2/Semester 1/Functional Prog./Assignment 6/q1.scala. Using presentation compiler with project's scala-library version: 3.3.3
2024.07.29 21:19:57 INFO  no build target found for /Users/minha/Documents/UCSC/YEAR 2/Semester 1/Functional Prog./Assignment 6/q1.scala. Using presentation compiler with project's scala-library version: 3.3.3
2024.07.29 21:19:58 INFO  no build target found for /Users/minha/Documents/UCSC/YEAR 2/Semester 1/Functional Prog./Assignment 6/q1.scala. Using presentation compiler with project's scala-library version: 3.3.3
2024.07.29 21:19:58 INFO  no build target found for /Users/minha/Documents/UCSC/YEAR 2/Semester 1/Functional Prog./Assignment 6/q1.scala. Using presentation compiler with project's scala-library version: 3.3.3
2024.07.29 21:19:58 WARN  no build target for: /Users/minha/Documents/UCSC/YEAR 2/Semester 1/Functional Prog./Assignment 6/q1.scala
2024.07.29 21:19:58 INFO  no build target found for /Users/minha/Documents/UCSC/YEAR 2/Semester 1/Functional Prog./Assignment 6/q1.scala. Using presentation compiler with project's scala-library version: 3.3.3
